<?xml version="1.0" encoding="UTF-8"?>
<!-- Generated by org.testng.reporters.JUnitReportReporter -->
<testsuite hostname="mcube153" name="Demo.Read_Write_Excel" tests="1" failures="0" timestamp="16 Sep 2017 14:19:52 GMT" time="2.694" errors="0">
  <testcase name="ReadWriteExcel" time="2.694" classname="Demo.Read_Write_Excel"/>
</testsuite> <!-- Demo.Read_Write_Excel -->
